<?xml version="1.0" encoding="UTF-8"?>
<!-- Generated by org.testng.reporters.JUnitXMLReporter -->
<testsuite ignored="0" hostname="Vinayak*con-C02FC66MML7H" failures="0" tests="1" name="BStackDemo 1-0" time="18.078" errors="0" timestamp="2023-03-03T16:34:43 IST">
  <testcase classname="com.browserstack.test.suites.TestBase" name="@BeforeMethod setUp" time="16.646">
    <failure type="java.lang.ClassCastException" message="class com.google.common.collect.Maps$TransformedEntriesMap cannot be cast to class java.lang.String (com.google.common.collect.Maps$TransformedEntriesMap is in unnamed module of loader &amp;apos;app&amp;apos;; java.lang.String is in module java.base of loader &amp;apos;bootstrap&amp;apos;)">
      <![CDATA[java.lang.ClassCastException: class com.google.common.collect.Maps$TransformedEntriesMap cannot be cast to class java.lang.String (com.google.common.collect.Maps$TransformedEntriesMap is in unnamed module of loader 'app'; java.lang.String is in module java.base of loader 'bootstrap')
at io.percy.selenium.Percy.snapshot(Percy.java:142)
at io.percy.selenium.Percy.snapshot(Percy.java:70)
at com.browserstack.test.suites.TestBase.setUp(TestBase.java:54)
at java.base/java.util.ArrayList.forEach(ArrayList.java:1511)
at java.base/java.util.concurrent.FutureTask.run(FutureTask.java:264)
at java.base/java.util.concurrent.ThreadPoolExecutor.runWorker(ThreadPoolExecutor.java:1136)
at java.base/java.util.concurrent.ThreadPoolExecutor$Worker.run(ThreadPoolExecutor.java:635)
at java.base/java.lang.Thread.run(Thread.java:833)
... Removed 22 stack frames]]>
    </failure>
  </testcase> <!-- @BeforeMethod setUp -->
  <testcase classname="com.browserstack.test.suites.TestBase" name="@BeforeMethod setUp" time="16.67">
    <failure type="java.lang.ClassCastException" message="class com.google.common.collect.Maps$TransformedEntriesMap cannot be cast to class java.lang.String (com.google.common.collect.Maps$TransformedEntriesMap is in unnamed module of loader &amp;apos;app&amp;apos;; java.lang.String is in module java.base of loader &amp;apos;bootstrap&amp;apos;)">
      <![CDATA[java.lang.ClassCastException: class com.google.common.collect.Maps$TransformedEntriesMap cannot be cast to class java.lang.String (com.google.common.collect.Maps$TransformedEntriesMap is in unnamed module of loader 'app'; java.lang.String is in module java.base of loader 'bootstrap')
at io.percy.selenium.Percy.snapshot(Percy.java:142)
at io.percy.selenium.Percy.snapshot(Percy.java:70)
at com.browserstack.test.suites.TestBase.setUp(TestBase.java:54)
at java.base/java.util.ArrayList.forEach(ArrayList.java:1511)
at java.base/java.util.concurrent.FutureTask.run(FutureTask.java:264)
at java.base/java.util.concurrent.ThreadPoolExecutor.runWorker(ThreadPoolExecutor.java:1136)
at java.base/java.util.concurrent.ThreadPoolExecutor$Worker.run(ThreadPoolExecutor.java:635)
at java.base/java.lang.Thread.run(Thread.java:833)
... Removed 22 stack frames]]>
    </failure>
  </testcase> <!-- @BeforeMethod setUp -->
  <testcase classname="com.browserstack.test.suites.TestBase" name="@AfterMethod tearDown" time="-1.67784148372E9">
    <skipped/>
  </testcase> <!-- @AfterMethod tearDown -->
  <testcase classname="com.browserstack.test.suites.TestBase" name="@AfterMethod tearDown" time="-1.677841483807E9">
    <skipped/>
  </testcase> <!-- @AfterMethod tearDown -->
  <testcase classname="com.browserstack.test.suites.e2e.OrderTest" name="placeOrder" time="0.0">
    <skipped/>
  </testcase> <!-- placeOrder -->
</testsuite> <!-- BStackDemo 1-0 -->
